platforms/android/app/build/outputs/logs/manifest-merger-debug-report.txt
-- Merging decision tree log ---
manifest
ADDED from src/main/AndroidManifest.xml:2:1-26:12
INJECTED from src/main/AndroidManifest.xml:2:1-26:12
INJECTED from src/main/AndroidManifest.xml:2:1-26:12
INJECTED from src/main/AndroidManifest.xml:2:1-26:12
MERGED from [:CordovaLib] AndroidManifest.xml:20:1-27:12
INJECTED from src/main/AndroidManifest.xml:2:1-26:12
INJECTED from src/main/AndroidManifest.xml:2:1-26:12
INJECTED from src/main/AndroidManifest.xml:2:1-26:12
	package
		ADDED from src/main/AndroidManifest.xml:2:102-131
		INJECTED from src/main/AndroidManifest.xml
		INJECTED from src/main/AndroidManifest.xml
	android:versionName
		ADDED from src/main/AndroidManifest.xml:2:74-101
		INJECTED from src/main/AndroidManifest.xml
		INJECTED from src/main/AndroidManifest.xml
	android:hardwareAccelerated
		ADDED from src/main/AndroidManifest.xml:2:11-45
	xmlns:android
		ADDED from src/main/AndroidManifest.xml:2:132-190
	android:versionCode
		ADDED from src/main/AndroidManifest.xml:2:46-73
		INJECTED from src/main/AndroidManifest.xml
		INJECTED from src/main/AndroidManifest.xml
supports-screens
ADDED from src/main/AndroidManifest.xml:3:3-188
	android:largeScreens
		ADDED from src/main/AndroidManifest.xml:3:47-74
	android:smallScreens
		ADDED from src/main/AndroidManifest.xml:3:130-157
	android:normalScreens
		ADDED from src/main/AndroidManifest.xml:3:75-103
	android:xlargeScreens
		ADDED from src/main/AndroidManifest.xml:3:158-186
	android:resizeable
		ADDED from src/main/AndroidManifest.xml:3:104-129
	android:anyDensity
		ADDED from src/main/AndroidManifest.xml:3:21-46
uses-permission#android.permission.INTERNET
ADDED from src/main/AndroidManifest.xml:4:3-64
	android:name
		ADDED from src/main/AndroidManifest.xml:4:20-62
uses-permission#android.permission.READ_CONTACTS
ADDED from src/main/AndroidManifest.xml:5:3-69
	android:name
		ADDED from src/main/AndroidManifest.xml:5:20-67
uses-permission#android.permission.WRITE_CONTACTS
ADDED from src/main/AndroidManifest.xml:6:3-70
	android:name
		ADDED from src/main/AndroidManifest.xml:6:20-68
uses-permission#android.permission.GET_ACCOUNTS
ADDED from src/main/AndroidManifest.xml:7:3-68
	android:name
		ADDED from src/main/AndroidManifest.xml:7:20-66
uses-permission#android.permission.SEND_SMS
ADDED from src/main/AndroidManifest.xml:8:3-64
	android:name
		ADDED from src/main/AndroidManifest.xml:8:20-62
uses-permission#android.permission.READ_PHONE_STATE
ADDED from src/main/AndroidManifest.xml:9:3-72
	android:name
		ADDED from src/main/AndroidManifest.xml:9:20-70
application
ADDED from src/main/AndroidManifest.xml:10:3-23:17
	android:supportsRtl
		ADDED from src/main/AndroidManifest.xml:10:112-138
	android:label
		ADDED from src/main/AndroidManifest.xml:10:79-111
	android:hardwareAccelerated
		ADDED from src/main/AndroidManifest.xml:10:16-50
	android:icon
		ADDED from src/main/AndroidManifest.xml:10:51-78
activity#phonegap.gameportal.MainActivity
ADDED from src/main/AndroidManifest.xml:11:5-22:16
	android:label
		ADDED from src/main/AndroidManifest.xml:11:93-130
	android:launchMode
		ADDED from src/main/AndroidManifest.xml:11:131-161
	android:windowSoftInputMode
		ADDED from src/main/AndroidManifest.xml:11:253-295
	android:configChanges
		ADDED from src/main/AndroidManifest.xml:11:15-92
	android:theme
		ADDED from src/main/AndroidManifest.xml:11:190-252
	android:name
		ADDED from src/main/AndroidManifest.xml:11:162-189
intent-filter#android.intent.action.MAIN+android.intent.category.LAUNCHER
ADDED from src/main/AndroidManifest.xml:12:7-15:23
	android:label
		ADDED from src/main/AndroidManifest.xml:12:22-59
action#android.intent.action.MAIN
ADDED from src/main/AndroidManifest.xml:13:9-60
	android:name
		ADDED from src/main/AndroidManifest.xml:13:17-58
category#android.intent.category.LAUNCHER
ADDED from src/main/AndroidManifest.xml:14:9-68
	android:name
		ADDED from src/main/AndroidManifest.xml:14:19-66
intent-filter#android.intent.action.VIEW+android.intent.category.BROWSABLE+android.intent.category.DEFAULT
ADDED from src/main/AndroidManifest.xml:16:7-21:23
	android:autoVerify
		ADDED from src/main/AndroidManifest.xml:16:22-47
action#android.intent.action.VIEW
ADDED from src/main/AndroidManifest.xml:17:9-60
	android:name
		ADDED from src/main/AndroidManifest.xml:17:17-58
category#android.intent.category.DEFAULT
ADDED from src/main/AndroidManifest.xml:18:9-67
	android:name
		ADDED from src/main/AndroidManifest.xml:18:19-65
category#android.intent.category.BROWSABLE
ADDED from src/main/AndroidManifest.xml:19:9-69
	android:name
		ADDED from src/main/AndroidManifest.xml:19:19-67
data
ADDED from src/main/AndroidManifest.xml:20:9-122
	android:path
		ADDED from src/main/AndroidManifest.xml:20:88-120
	android:host
		ADDED from src/main/AndroidManifest.xml:20:15-64
	android:scheme
		ADDED from src/main/AndroidManifest.xml:20:65-87
uses-sdk
ADDED from src/main/AndroidManifest.xml:24:3-71
MERGED from [:CordovaLib] AndroidManifest.xml:25:5-44
MERGED from [:CordovaLib] AndroidManifest.xml:25:5-44
	android:targetSdkVersion
		ADDED from src/main/AndroidManifest.xml:24:40-69
	android:minSdkVersion
		ADDED from src/main/AndroidManifest.xml:24:13-39
uses-feature#android.hardware.telephony
ADDED from src/main/AndroidManifest.xml:25:3-85
	android:required
		ADDED from src/main/AndroidManifest.xml:25:59-83
	android:name
		ADDED from src/main/AndroidManifest.xml:25:17-58